01-08-2018 12:31:37.105 [main] INFO  c.e.easynotes.EasyNotes1Application.logStarting - Starting EasyNotes1Application on dileep-Laptop with PID 10789 (/home/dileep/practice/Myfirst/target/classes started by dileep in /home/dileep/practice/Myfirst)
01-08-2018 12:31:37.280 [main] INFO  c.e.easynotes.EasyNotes1Application.logStartupProfileInfo - No active profile set, falling back to default profiles: default
01-08-2018 12:31:38.185 [main] INFO  o.s.b.w.s.c.AnnotationConfigServletWebServerApplicationContext.prepareRefresh - Refreshing org.springframework.boot.web.servlet.context.AnnotationConfigServletWebServerApplicationContext@703580bf: startup date [Wed Aug 01 12:31:38 IST 2018]; root of context hierarchy
01-08-2018 12:31:44.586 [main] INFO  o.s.c.s.PostProcessorRegistrationDelegate$BeanPostProcessorChecker.postProcessAfterInitialization - Bean 'org.springframework.transaction.annotation.ProxyTransactionManagementConfiguration' of type [org.springframework.transaction.annotation.ProxyTransactionManagementConfiguration$$EnhancerBySpringCGLIB$$1e1ce5bd] is not eligible for getting processed by all BeanPostProcessors (for example: not eligible for auto-proxying)
01-08-2018 12:31:45.231 [main] INFO  o.s.b.w.e.tomcat.TomcatWebServer.initialize - Tomcat initialized with port(s): 8080 (http)
01-08-2018 12:31:45.291 [main] INFO  o.a.catalina.core.StandardService.log - Starting service [Tomcat]
01-08-2018 12:31:45.291 [main] INFO  o.a.catalina.core.StandardEngine.log - Starting Servlet Engine: Apache Tomcat/8.5.31
01-08-2018 12:31:45.306 [localhost-startStop-1] INFO  o.a.c.core.AprLifecycleListener.log - The APR based Apache Tomcat Native library which allows optimal performance in production environments was not found on the java.library.path: [/usr/java/packages/lib/amd64:/usr/lib/x86_64-linux-gnu/jni:/lib/x86_64-linux-gnu:/usr/lib/x86_64-linux-gnu:/usr/lib/jni:/lib:/usr/lib]
01-08-2018 12:31:45.508 [localhost-startStop-1] INFO  o.a.c.c.C.[Tomcat].[localhost].[/].log - Initializing Spring embedded WebApplicationContext
01-08-2018 12:31:45.509 [localhost-startStop-1] INFO  o.s.web.context.ContextLoader.prepareWebApplicationContext - Root WebApplicationContext: initialization completed in 7324 ms
01-08-2018 12:31:45.683 [localhost-startStop-1] INFO  o.s.b.w.s.ServletRegistrationBean.addRegistration - Servlet dispatcherServlet mapped to [/]
01-08-2018 12:31:45.688 [localhost-startStop-1] INFO  o.s.b.w.s.FilterRegistrationBean.configure - Mapping filter: 'characterEncodingFilter' to: [/*]
01-08-2018 12:31:45.689 [localhost-startStop-1] INFO  o.s.b.w.s.FilterRegistrationBean.configure - Mapping filter: 'hiddenHttpMethodFilter' to: [/*]
01-08-2018 12:31:45.690 [localhost-startStop-1] INFO  o.s.b.w.s.FilterRegistrationBean.configure - Mapping filter: 'httpPutFormContentFilter' to: [/*]
01-08-2018 12:31:45.691 [localhost-startStop-1] INFO  o.s.b.w.s.FilterRegistrationBean.configure - Mapping filter: 'requestContextFilter' to: [/*]
01-08-2018 12:31:46.241 [main] INFO  com.zaxxer.hikari.HikariDataSource.getConnection - HikariPool-1 - Starting...
01-08-2018 12:31:47.645 [main] INFO  com.zaxxer.hikari.HikariDataSource.getConnection - HikariPool-1 - Start completed.
01-08-2018 12:31:47.759 [main] INFO  o.s.o.j.LocalContainerEntityManagerFactoryBean.createNativeEntityManagerFactory - Building JPA container EntityManagerFactory for persistence unit 'default'
01-08-2018 12:31:47.864 [main] INFO  o.h.jpa.internal.util.LogHelper.logPersistenceUnitInformation - HHH000204: Processing PersistenceUnitInfo [
	name: default
	...]
01-08-2018 12:31:48.018 [main] INFO  org.hibernate.Version.logVersion - HHH000412: Hibernate Core {5.2.17.Final}
01-08-2018 12:31:48.020 [main] INFO  org.hibernate.cfg.Environment.<clinit> - HHH000206: hibernate.properties not found
01-08-2018 12:31:48.153 [main] INFO  o.h.annotations.common.Version.<clinit> - HCANN000001: Hibernate Commons Annotations {5.0.1.Final}
01-08-2018 12:31:48.476 [main] INFO  org.hibernate.dialect.Dialect.<init> - HHH000400: Using dialect: org.hibernate.dialect.MySQL5Dialect
01-08-2018 12:31:50.013 [main] INFO  o.s.o.j.LocalContainerEntityManagerFactoryBean.buildNativeEntityManagerFactory - Initialized JPA EntityManagerFactory for persistence unit 'default'
01-08-2018 12:31:50.761 [main] WARN  o.s.b.w.s.c.AnnotationConfigServletWebServerApplicationContext.refresh - Exception encountered during context initialization - cancelling refresh attempt: org.springframework.beans.factory.UnsatisfiedDependencyException: Error creating bean with name 'TeacherService' defined in file [/home/dileep/practice/Myfirst/target/classes/com/example/easynotes/teachers/tservice/TeacherServiceImpl.class]: Unsatisfied dependency expressed through constructor parameter 0; nested exception is org.springframework.beans.factory.NoSuchBeanDefinitionException: No qualifying bean of type 'com.example.easynotes.teachers.repository.TeacherRepository' available: expected at least 1 bean which qualifies as autowire candidate. Dependency annotations: {}
01-08-2018 12:31:50.763 [main] INFO  o.s.o.j.LocalContainerEntityManagerFactoryBean.destroy - Closing JPA EntityManagerFactory for persistence unit 'default'
01-08-2018 12:31:50.764 [main] INFO  com.zaxxer.hikari.HikariDataSource.close - HikariPool-1 - Shutdown initiated...
01-08-2018 12:31:50.772 [main] INFO  com.zaxxer.hikari.HikariDataSource.close - HikariPool-1 - Shutdown completed.
01-08-2018 12:31:50.775 [main] INFO  o.a.catalina.core.StandardService.log - Stopping service [Tomcat]
01-08-2018 12:31:50.981 [main] INFO  o.s.b.a.l.ConditionEvaluationReportLoggingListener.logAutoConfigurationReport - 

Error starting ApplicationContext. To display the conditions report re-run your application with 'debug' enabled.
01-08-2018 12:31:51.207 [main] ERROR o.s.b.d.LoggingFailureAnalysisReporter.report - 

***************************
APPLICATION FAILED TO START
***************************

Description:

Parameter 0 of constructor in com.example.easynotes.teachers.tservice.TeacherServiceImpl required a bean of type 'com.example.easynotes.teachers.repository.TeacherRepository' that could not be found.


Action:

Consider defining a bean of type 'com.example.easynotes.teachers.repository.TeacherRepository' in your configuration.

01-08-2018 12:34:58.119 [main] INFO  c.e.easynotes.EasyNotes1Application.logStarting - Starting EasyNotes1Application on dileep-Laptop with PID 11166 (/home/dileep/practice/Myfirst/target/classes started by dileep in /home/dileep/practice/Myfirst)
01-08-2018 12:34:58.167 [main] INFO  c.e.easynotes.EasyNotes1Application.logStartupProfileInfo - No active profile set, falling back to default profiles: default
01-08-2018 12:34:58.938 [main] INFO  o.s.b.w.s.c.AnnotationConfigServletWebServerApplicationContext.prepareRefresh - Refreshing org.springframework.boot.web.servlet.context.AnnotationConfigServletWebServerApplicationContext@49d904ec: startup date [Wed Aug 01 12:34:58 IST 2018]; root of context hierarchy
01-08-2018 12:35:05.905 [main] INFO  o.s.c.s.PostProcessorRegistrationDelegate$BeanPostProcessorChecker.postProcessAfterInitialization - Bean 'org.springframework.transaction.annotation.ProxyTransactionManagementConfiguration' of type [org.springframework.transaction.annotation.ProxyTransactionManagementConfiguration$$EnhancerBySpringCGLIB$$3e3b00fc] is not eligible for getting processed by all BeanPostProcessors (for example: not eligible for auto-proxying)
01-08-2018 12:35:06.712 [main] INFO  o.s.b.w.e.tomcat.TomcatWebServer.initialize - Tomcat initialized with port(s): 8080 (http)
01-08-2018 12:35:06.801 [main] INFO  o.a.catalina.core.StandardService.log - Starting service [Tomcat]
01-08-2018 12:35:06.802 [main] INFO  o.a.catalina.core.StandardEngine.log - Starting Servlet Engine: Apache Tomcat/8.5.31
01-08-2018 12:35:06.832 [localhost-startStop-1] INFO  o.a.c.core.AprLifecycleListener.log - The APR based Apache Tomcat Native library which allows optimal performance in production environments was not found on the java.library.path: [/usr/java/packages/lib/amd64:/usr/lib/x86_64-linux-gnu/jni:/lib/x86_64-linux-gnu:/usr/lib/x86_64-linux-gnu:/usr/lib/jni:/lib:/usr/lib]
01-08-2018 12:35:07.064 [localhost-startStop-1] INFO  o.a.c.c.C.[Tomcat].[localhost].[/].log - Initializing Spring embedded WebApplicationContext
01-08-2018 12:35:07.064 [localhost-startStop-1] INFO  o.s.web.context.ContextLoader.prepareWebApplicationContext - Root WebApplicationContext: initialization completed in 8126 ms
01-08-2018 12:35:07.259 [localhost-startStop-1] INFO  o.s.b.w.s.ServletRegistrationBean.addRegistration - Servlet dispatcherServlet mapped to [/]
01-08-2018 12:35:07.266 [localhost-startStop-1] INFO  o.s.b.w.s.FilterRegistrationBean.configure - Mapping filter: 'characterEncodingFilter' to: [/*]
01-08-2018 12:35:07.267 [localhost-startStop-1] INFO  o.s.b.w.s.FilterRegistrationBean.configure - Mapping filter: 'hiddenHttpMethodFilter' to: [/*]
01-08-2018 12:35:07.267 [localhost-startStop-1] INFO  o.s.b.w.s.FilterRegistrationBean.configure - Mapping filter: 'httpPutFormContentFilter' to: [/*]
01-08-2018 12:35:07.268 [localhost-startStop-1] INFO  o.s.b.w.s.FilterRegistrationBean.configure - Mapping filter: 'requestContextFilter' to: [/*]
01-08-2018 12:35:07.839 [main] INFO  com.zaxxer.hikari.HikariDataSource.getConnection - HikariPool-1 - Starting...
01-08-2018 12:35:08.880 [main] INFO  com.zaxxer.hikari.HikariDataSource.getConnection - HikariPool-1 - Start completed.
01-08-2018 12:35:09.053 [main] INFO  o.s.o.j.LocalContainerEntityManagerFactoryBean.createNativeEntityManagerFactory - Building JPA container EntityManagerFactory for persistence unit 'default'
01-08-2018 12:35:09.149 [main] INFO  o.h.jpa.internal.util.LogHelper.logPersistenceUnitInformation - HHH000204: Processing PersistenceUnitInfo [
	name: default
	...]
01-08-2018 12:35:09.301 [main] INFO  org.hibernate.Version.logVersion - HHH000412: Hibernate Core {5.2.17.Final}
01-08-2018 12:35:09.303 [main] INFO  org.hibernate.cfg.Environment.<clinit> - HHH000206: hibernate.properties not found
01-08-2018 12:35:09.438 [main] INFO  o.h.annotations.common.Version.<clinit> - HCANN000001: Hibernate Commons Annotations {5.0.1.Final}
01-08-2018 12:35:09.735 [main] INFO  org.hibernate.dialect.Dialect.<init> - HHH000400: Using dialect: org.hibernate.dialect.MySQL5Dialect
01-08-2018 12:35:10.856 [main] INFO  o.s.o.j.LocalContainerEntityManagerFactoryBean.buildNativeEntityManagerFactory - Initialized JPA EntityManagerFactory for persistence unit 'default'
01-08-2018 12:35:11.423 [main] WARN  o.s.b.w.s.c.AnnotationConfigServletWebServerApplicationContext.refresh - Exception encountered during context initialization - cancelling refresh attempt: org.springframework.beans.factory.UnsatisfiedDependencyException: Error creating bean with name 'TeacherService' defined in file [/home/dileep/practice/Myfirst/target/classes/com/example/easynotes/teachers/tservice/TeacherServiceImpl.class]: Unsatisfied dependency expressed through constructor parameter 0; nested exception is org.springframework.beans.factory.NoSuchBeanDefinitionException: No qualifying bean of type 'com.example.easynotes.teachers.repository.TeacherRepository' available: expected at least 1 bean which qualifies as autowire candidate. Dependency annotations: {}
01-08-2018 12:35:11.425 [main] INFO  o.s.o.j.LocalContainerEntityManagerFactoryBean.destroy - Closing JPA EntityManagerFactory for persistence unit 'default'
01-08-2018 12:35:11.426 [main] INFO  com.zaxxer.hikari.HikariDataSource.close - HikariPool-1 - Shutdown initiated...
01-08-2018 12:35:11.440 [main] INFO  com.zaxxer.hikari.HikariDataSource.close - HikariPool-1 - Shutdown completed.
01-08-2018 12:35:11.443 [main] INFO  o.a.catalina.core.StandardService.log - Stopping service [Tomcat]
01-08-2018 12:35:11.839 [main] INFO  o.s.b.a.l.ConditionEvaluationReportLoggingListener.logAutoConfigurationReport - 

Error starting ApplicationContext. To display the conditions report re-run your application with 'debug' enabled.
01-08-2018 12:35:12.013 [main] ERROR o.s.b.d.LoggingFailureAnalysisReporter.report - 

***************************
APPLICATION FAILED TO START
***************************

Description:

Parameter 0 of constructor in com.example.easynotes.teachers.tservice.TeacherServiceImpl required a bean of type 'com.example.easynotes.teachers.repository.TeacherRepository' that could not be found.


Action:

Consider defining a bean of type 'com.example.easynotes.teachers.repository.TeacherRepository' in your configuration.

01-08-2018 13:38:52.118 [main] INFO  c.e.easynotes.EasyNotes1Application.logStarting - Starting EasyNotes1Application on dileep-Laptop with PID 11862 (/home/dileep/practice/Myfirst/target/classes started by dileep in /home/dileep/practice/Myfirst)
01-08-2018 13:38:52.254 [main] INFO  c.e.easynotes.EasyNotes1Application.logStartupProfileInfo - No active profile set, falling back to default profiles: default
01-08-2018 13:38:53.265 [main] INFO  o.s.b.w.s.c.AnnotationConfigServletWebServerApplicationContext.prepareRefresh - Refreshing org.springframework.boot.web.servlet.context.AnnotationConfigServletWebServerApplicationContext@4bc222e: startup date [Wed Aug 01 13:38:53 IST 2018]; root of context hierarchy
01-08-2018 13:38:58.510 [main] INFO  o.s.c.s.PostProcessorRegistrationDelegate$BeanPostProcessorChecker.postProcessAfterInitialization - Bean 'org.springframework.transaction.annotation.ProxyTransactionManagementConfiguration' of type [org.springframework.transaction.annotation.ProxyTransactionManagementConfiguration$$EnhancerBySpringCGLIB$$50a70812] is not eligible for getting processed by all BeanPostProcessors (for example: not eligible for auto-proxying)
01-08-2018 13:38:59.291 [main] INFO  o.s.b.w.e.tomcat.TomcatWebServer.initialize - Tomcat initialized with port(s): 8080 (http)
01-08-2018 13:38:59.593 [main] INFO  o.a.catalina.core.StandardService.log - Starting service [Tomcat]
01-08-2018 13:38:59.593 [main] INFO  o.a.catalina.core.StandardEngine.log - Starting Servlet Engine: Apache Tomcat/8.5.31
01-08-2018 13:38:59.714 [localhost-startStop-1] INFO  o.a.c.core.AprLifecycleListener.log - The APR based Apache Tomcat Native library which allows optimal performance in production environments was not found on the java.library.path: [/usr/java/packages/lib/amd64:/usr/lib/x86_64-linux-gnu/jni:/lib/x86_64-linux-gnu:/usr/lib/x86_64-linux-gnu:/usr/lib/jni:/lib:/usr/lib]
01-08-2018 13:38:59.978 [localhost-startStop-1] INFO  o.a.c.c.C.[Tomcat].[localhost].[/].log - Initializing Spring embedded WebApplicationContext
01-08-2018 13:38:59.978 [localhost-startStop-1] INFO  o.s.web.context.ContextLoader.prepareWebApplicationContext - Root WebApplicationContext: initialization completed in 6713 ms
01-08-2018 13:39:00.173 [localhost-startStop-1] INFO  o.s.b.w.s.ServletRegistrationBean.addRegistration - Servlet dispatcherServlet mapped to [/]
01-08-2018 13:39:00.179 [localhost-startStop-1] INFO  o.s.b.w.s.FilterRegistrationBean.configure - Mapping filter: 'characterEncodingFilter' to: [/*]
01-08-2018 13:39:00.179 [localhost-startStop-1] INFO  o.s.b.w.s.FilterRegistrationBean.configure - Mapping filter: 'hiddenHttpMethodFilter' to: [/*]
01-08-2018 13:39:00.180 [localhost-startStop-1] INFO  o.s.b.w.s.FilterRegistrationBean.configure - Mapping filter: 'httpPutFormContentFilter' to: [/*]
01-08-2018 13:39:00.180 [localhost-startStop-1] INFO  o.s.b.w.s.FilterRegistrationBean.configure - Mapping filter: 'requestContextFilter' to: [/*]
01-08-2018 13:39:00.835 [main] INFO  com.zaxxer.hikari.HikariDataSource.getConnection - HikariPool-1 - Starting...
01-08-2018 13:39:01.820 [main] INFO  com.zaxxer.hikari.HikariDataSource.getConnection - HikariPool-1 - Start completed.
01-08-2018 13:39:02.089 [main] INFO  o.s.o.j.LocalContainerEntityManagerFactoryBean.createNativeEntityManagerFactory - Building JPA container EntityManagerFactory for persistence unit 'default'
01-08-2018 13:39:02.185 [main] INFO  o.h.jpa.internal.util.LogHelper.logPersistenceUnitInformation - HHH000204: Processing PersistenceUnitInfo [
	name: default
	...]
01-08-2018 13:39:02.386 [main] INFO  org.hibernate.Version.logVersion - HHH000412: Hibernate Core {5.2.17.Final}
01-08-2018 13:39:02.389 [main] INFO  org.hibernate.cfg.Environment.<clinit> - HHH000206: hibernate.properties not found
01-08-2018 13:39:02.592 [main] INFO  o.h.annotations.common.Version.<clinit> - HCANN000001: Hibernate Commons Annotations {5.0.1.Final}
01-08-2018 13:39:03.038 [main] INFO  org.hibernate.dialect.Dialect.<init> - HHH000400: Using dialect: org.hibernate.dialect.MySQL5Dialect
01-08-2018 13:39:04.346 [main] INFO  o.s.o.j.LocalContainerEntityManagerFactoryBean.buildNativeEntityManagerFactory - Initialized JPA EntityManagerFactory for persistence unit 'default'
01-08-2018 13:39:05.378 [main] WARN  o.s.b.w.s.c.AnnotationConfigServletWebServerApplicationContext.refresh - Exception encountered during context initialization - cancelling refresh attempt: org.springframework.beans.factory.UnsatisfiedDependencyException: Error creating bean with name 'teacherController' defined in file [/home/dileep/practice/Myfirst/target/classes/com/example/easynotes/teachers/controller/TeacherController.class]: Unsatisfied dependency expressed through constructor parameter 0; nested exception is org.springframework.beans.factory.UnsatisfiedDependencyException: Error creating bean with name 'TeacherService' defined in file [/home/dileep/practice/Myfirst/target/classes/com/example/easynotes/teachers/tservice/TeacherServiceImpl.class]: Unsatisfied dependency expressed through constructor parameter 0; nested exception is org.springframework.beans.factory.NoSuchBeanDefinitionException: No qualifying bean of type 'com.example.easynotes.teachers.repository.TeacherRepository' available: expected at least 1 bean which qualifies as autowire candidate. Dependency annotations: {}
01-08-2018 13:39:05.379 [main] INFO  o.s.o.j.LocalContainerEntityManagerFactoryBean.destroy - Closing JPA EntityManagerFactory for persistence unit 'default'
01-08-2018 13:39:05.381 [main] INFO  com.zaxxer.hikari.HikariDataSource.close - HikariPool-1 - Shutdown initiated...
01-08-2018 13:39:05.401 [main] INFO  com.zaxxer.hikari.HikariDataSource.close - HikariPool-1 - Shutdown completed.
01-08-2018 13:39:05.405 [main] INFO  o.a.catalina.core.StandardService.log - Stopping service [Tomcat]
01-08-2018 13:39:05.555 [main] INFO  o.s.b.a.l.ConditionEvaluationReportLoggingListener.logAutoConfigurationReport - 

Error starting ApplicationContext. To display the conditions report re-run your application with 'debug' enabled.
01-08-2018 13:39:05.865 [main] ERROR o.s.b.d.LoggingFailureAnalysisReporter.report - 

***************************
APPLICATION FAILED TO START
***************************

Description:

Parameter 0 of constructor in com.example.easynotes.teachers.tservice.TeacherServiceImpl required a bean of type 'com.example.easynotes.teachers.repository.TeacherRepository' that could not be found.


Action:

Consider defining a bean of type 'com.example.easynotes.teachers.repository.TeacherRepository' in your configuration.

01-08-2018 15:35:26.509 [main] INFO  c.e.easynotes.EasyNotes1Application.logStarting - Starting EasyNotes1Application on dileep-Laptop with PID 12926 (/home/dileep/practice/Myfirst/target/classes started by dileep in /home/dileep/practice/Myfirst)
01-08-2018 15:35:26.611 [main] INFO  c.e.easynotes.EasyNotes1Application.logStartupProfileInfo - No active profile set, falling back to default profiles: default
01-08-2018 15:35:27.345 [main] INFO  o.s.b.w.s.c.AnnotationConfigServletWebServerApplicationContext.prepareRefresh - Refreshing org.springframework.boot.web.servlet.context.AnnotationConfigServletWebServerApplicationContext@69b2283a: startup date [Wed Aug 01 15:35:27 IST 2018]; root of context hierarchy
01-08-2018 15:35:33.120 [main] INFO  o.s.c.s.PostProcessorRegistrationDelegate$BeanPostProcessorChecker.postProcessAfterInitialization - Bean 'org.springframework.transaction.annotation.ProxyTransactionManagementConfiguration' of type [org.springframework.transaction.annotation.ProxyTransactionManagementConfiguration$$EnhancerBySpringCGLIB$$fa67fbed] is not eligible for getting processed by all BeanPostProcessors (for example: not eligible for auto-proxying)
01-08-2018 15:35:34.071 [main] INFO  o.s.b.w.e.tomcat.TomcatWebServer.initialize - Tomcat initialized with port(s): 8080 (http)
01-08-2018 15:35:34.246 [main] INFO  o.a.catalina.core.StandardService.log - Starting service [Tomcat]
01-08-2018 15:35:34.246 [main] INFO  o.a.catalina.core.StandardEngine.log - Starting Servlet Engine: Apache Tomcat/8.5.31
01-08-2018 15:35:34.292 [localhost-startStop-1] INFO  o.a.c.core.AprLifecycleListener.log - The APR based Apache Tomcat Native library which allows optimal performance in production environments was not found on the java.library.path: [/usr/java/packages/lib/amd64:/usr/lib/x86_64-linux-gnu/jni:/lib/x86_64-linux-gnu:/usr/lib/x86_64-linux-gnu:/usr/lib/jni:/lib:/usr/lib]
01-08-2018 15:35:34.918 [localhost-startStop-1] INFO  o.a.c.c.C.[Tomcat].[localhost].[/].log - Initializing Spring embedded WebApplicationContext
01-08-2018 15:35:34.919 [localhost-startStop-1] INFO  o.s.web.context.ContextLoader.prepareWebApplicationContext - Root WebApplicationContext: initialization completed in 7574 ms
01-08-2018 15:35:35.800 [localhost-startStop-1] INFO  o.s.b.w.s.ServletRegistrationBean.addRegistration - Servlet dispatcherServlet mapped to [/]
01-08-2018 15:35:35.804 [localhost-startStop-1] INFO  o.s.b.w.s.FilterRegistrationBean.configure - Mapping filter: 'characterEncodingFilter' to: [/*]
01-08-2018 15:35:35.805 [localhost-startStop-1] INFO  o.s.b.w.s.FilterRegistrationBean.configure - Mapping filter: 'hiddenHttpMethodFilter' to: [/*]
01-08-2018 15:35:35.805 [localhost-startStop-1] INFO  o.s.b.w.s.FilterRegistrationBean.configure - Mapping filter: 'httpPutFormContentFilter' to: [/*]
01-08-2018 15:35:35.806 [localhost-startStop-1] INFO  o.s.b.w.s.FilterRegistrationBean.configure - Mapping filter: 'requestContextFilter' to: [/*]
01-08-2018 15:35:36.623 [main] INFO  com.zaxxer.hikari.HikariDataSource.getConnection - HikariPool-1 - Starting...
01-08-2018 15:35:37.878 [main] INFO  com.zaxxer.hikari.HikariDataSource.getConnection - HikariPool-1 - Start completed.
01-08-2018 15:35:38.523 [main] INFO  o.s.o.j.LocalContainerEntityManagerFactoryBean.createNativeEntityManagerFactory - Building JPA container EntityManagerFactory for persistence unit 'default'
01-08-2018 15:35:39.076 [main] INFO  o.h.jpa.internal.util.LogHelper.logPersistenceUnitInformation - HHH000204: Processing PersistenceUnitInfo [
	name: default
	...]
01-08-2018 15:35:39.477 [main] INFO  org.hibernate.Version.logVersion - HHH000412: Hibernate Core {5.2.17.Final}
01-08-2018 15:35:39.538 [main] INFO  org.hibernate.cfg.Environment.<clinit> - HHH000206: hibernate.properties not found
01-08-2018 15:35:39.756 [main] INFO  o.h.annotations.common.Version.<clinit> - HCANN000001: Hibernate Commons Annotations {5.0.1.Final}
01-08-2018 15:35:40.011 [main] INFO  org.hibernate.dialect.Dialect.<init> - HHH000400: Using dialect: org.hibernate.dialect.MySQL5Dialect
01-08-2018 15:35:42.655 [main] INFO  o.s.o.j.LocalContainerEntityManagerFactoryBean.buildNativeEntityManagerFactory - Initialized JPA EntityManagerFactory for persistence unit 'default'
01-08-2018 15:35:44.082 [main] WARN  o.s.b.w.s.c.AnnotationConfigServletWebServerApplicationContext.refresh - Exception encountered during context initialization - cancelling refresh attempt: org.springframework.beans.factory.UnsatisfiedDependencyException: Error creating bean with name 'teacherController' defined in file [/home/dileep/practice/Myfirst/target/classes/com/example/easynotes/teachers/controller/TeacherController.class]: Unsatisfied dependency expressed through constructor parameter 0; nested exception is org.springframework.beans.factory.UnsatisfiedDependencyException: Error creating bean with name 'TeacherService' defined in file [/home/dileep/practice/Myfirst/target/classes/com/example/easynotes/teachers/tservice/TeacherServiceImpl.class]: Unsatisfied dependency expressed through constructor parameter 0; nested exception is org.springframework.beans.factory.NoSuchBeanDefinitionException: No qualifying bean of type 'com.example.easynotes.teachers.repository.TeacherRepository' available: expected at least 1 bean which qualifies as autowire candidate. Dependency annotations: {}
01-08-2018 15:35:44.084 [main] INFO  o.s.o.j.LocalContainerEntityManagerFactoryBean.destroy - Closing JPA EntityManagerFactory for persistence unit 'default'
01-08-2018 15:35:44.085 [main] INFO  com.zaxxer.hikari.HikariDataSource.close - HikariPool-1 - Shutdown initiated...
01-08-2018 15:35:44.536 [main] INFO  com.zaxxer.hikari.HikariDataSource.close - HikariPool-1 - Shutdown completed.
01-08-2018 15:35:44.538 [main] INFO  o.a.catalina.core.StandardService.log - Stopping service [Tomcat]
01-08-2018 15:35:45.099 [main] INFO  o.s.b.a.l.ConditionEvaluationReportLoggingListener.logAutoConfigurationReport - 

Error starting ApplicationContext. To display the conditions report re-run your application with 'debug' enabled.
01-08-2018 15:35:46.556 [main] ERROR o.s.b.d.LoggingFailureAnalysisReporter.report - 

***************************
APPLICATION FAILED TO START
***************************

Description:

Parameter 0 of constructor in com.example.easynotes.teachers.tservice.TeacherServiceImpl required a bean of type 'com.example.easynotes.teachers.repository.TeacherRepository' that could not be found.


Action:

Consider defining a bean of type 'com.example.easynotes.teachers.repository.TeacherRepository' in your configuration.

01-08-2018 15:36:29.488 [main] INFO  c.e.easynotes.EasyNotes1Application.logStarting - Starting EasyNotes1Application on dileep-Laptop with PID 12996 (/home/dileep/practice/Myfirst/target/classes started by dileep in /home/dileep/practice/Myfirst)
01-08-2018 15:36:29.520 [main] INFO  c.e.easynotes.EasyNotes1Application.logStartupProfileInfo - No active profile set, falling back to default profiles: default
01-08-2018 15:36:30.503 [main] INFO  o.s.b.w.s.c.AnnotationConfigServletWebServerApplicationContext.prepareRefresh - Refreshing org.springframework.boot.web.servlet.context.AnnotationConfigServletWebServerApplicationContext@2a225dd7: startup date [Wed Aug 01 15:36:30 IST 2018]; root of context hierarchy
01-08-2018 15:36:35.806 [main] INFO  o.s.c.s.PostProcessorRegistrationDelegate$BeanPostProcessorChecker.postProcessAfterInitialization - Bean 'org.springframework.transaction.annotation.ProxyTransactionManagementConfiguration' of type [org.springframework.transaction.annotation.ProxyTransactionManagementConfiguration$$EnhancerBySpringCGLIB$$e836c25b] is not eligible for getting processed by all BeanPostProcessors (for example: not eligible for auto-proxying)
01-08-2018 15:36:37.027 [main] INFO  o.s.b.w.e.tomcat.TomcatWebServer.initialize - Tomcat initialized with port(s): 8080 (http)
01-08-2018 15:36:37.146 [main] INFO  o.a.catalina.core.StandardService.log - Starting service [Tomcat]
01-08-2018 15:36:37.147 [main] INFO  o.a.catalina.core.StandardEngine.log - Starting Servlet Engine: Apache Tomcat/8.5.31
01-08-2018 15:36:37.205 [localhost-startStop-1] INFO  o.a.c.core.AprLifecycleListener.log - The APR based Apache Tomcat Native library which allows optimal performance in production environments was not found on the java.library.path: [/usr/java/packages/lib/amd64:/usr/lib/x86_64-linux-gnu/jni:/lib/x86_64-linux-gnu:/usr/lib/x86_64-linux-gnu:/usr/lib/jni:/lib:/usr/lib]
01-08-2018 15:36:39.301 [localhost-startStop-1] INFO  o.a.c.c.C.[Tomcat].[localhost].[/].log - Initializing Spring embedded WebApplicationContext
01-08-2018 15:36:39.301 [localhost-startStop-1] INFO  o.s.web.context.ContextLoader.prepareWebApplicationContext - Root WebApplicationContext: initialization completed in 8798 ms
01-08-2018 15:36:39.531 [localhost-startStop-1] INFO  o.s.b.w.s.ServletRegistrationBean.addRegistration - Servlet dispatcherServlet mapped to [/]
01-08-2018 15:36:39.537 [localhost-startStop-1] INFO  o.s.b.w.s.FilterRegistrationBean.configure - Mapping filter: 'characterEncodingFilter' to: [/*]
01-08-2018 15:36:39.539 [localhost-startStop-1] INFO  o.s.b.w.s.FilterRegistrationBean.configure - Mapping filter: 'hiddenHttpMethodFilter' to: [/*]
01-08-2018 15:36:39.539 [localhost-startStop-1] INFO  o.s.b.w.s.FilterRegistrationBean.configure - Mapping filter: 'httpPutFormContentFilter' to: [/*]
01-08-2018 15:36:39.539 [localhost-startStop-1] INFO  o.s.b.w.s.FilterRegistrationBean.configure - Mapping filter: 'requestContextFilter' to: [/*]
01-08-2018 15:36:41.023 [main] INFO  com.zaxxer.hikari.HikariDataSource.getConnection - HikariPool-1 - Starting...
01-08-2018 15:36:42.454 [main] INFO  com.zaxxer.hikari.HikariDataSource.getConnection - HikariPool-1 - Start completed.
01-08-2018 15:36:43.184 [main] INFO  o.s.o.j.LocalContainerEntityManagerFactoryBean.createNativeEntityManagerFactory - Building JPA container EntityManagerFactory for persistence unit 'default'
01-08-2018 15:36:43.603 [main] INFO  o.h.jpa.internal.util.LogHelper.logPersistenceUnitInformation - HHH000204: Processing PersistenceUnitInfo [
	name: default
	...]
01-08-2018 15:36:44.314 [main] INFO  org.hibernate.Version.logVersion - HHH000412: Hibernate Core {5.2.17.Final}
01-08-2018 15:36:44.377 [main] INFO  org.hibernate.cfg.Environment.<clinit> - HHH000206: hibernate.properties not found
01-08-2018 15:36:44.588 [main] INFO  o.h.annotations.common.Version.<clinit> - HCANN000001: Hibernate Commons Annotations {5.0.1.Final}
01-08-2018 15:36:45.133 [main] INFO  org.hibernate.dialect.Dialect.<init> - HHH000400: Using dialect: org.hibernate.dialect.MySQL5Dialect
01-08-2018 15:36:49.539 [main] INFO  o.s.o.j.LocalContainerEntityManagerFactoryBean.buildNativeEntityManagerFactory - Initialized JPA EntityManagerFactory for persistence unit 'default'
01-08-2018 15:36:50.889 [main] WARN  o.s.b.w.s.c.AnnotationConfigServletWebServerApplicationContext.refresh - Exception encountered during context initialization - cancelling refresh attempt: org.springframework.beans.factory.UnsatisfiedDependencyException: Error creating bean with name 'teacherController' defined in file [/home/dileep/practice/Myfirst/target/classes/com/example/easynotes/teachers/controller/TeacherController.class]: Unsatisfied dependency expressed through constructor parameter 0; nested exception is org.springframework.beans.factory.UnsatisfiedDependencyException: Error creating bean with name 'TeacherService' defined in file [/home/dileep/practice/Myfirst/target/classes/com/example/easynotes/teachers/tservice/TeacherServiceImpl.class]: Unsatisfied dependency expressed through constructor parameter 0; nested exception is org.springframework.beans.factory.NoSuchBeanDefinitionException: No qualifying bean of type 'com.example.easynotes.teachers.repository.TeacherRepository' available: expected at least 1 bean which qualifies as autowire candidate. Dependency annotations: {}
01-08-2018 15:36:50.890 [main] INFO  o.s.o.j.LocalContainerEntityManagerFactoryBean.destroy - Closing JPA EntityManagerFactory for persistence unit 'default'
01-08-2018 15:36:50.892 [main] INFO  com.zaxxer.hikari.HikariDataSource.close - HikariPool-1 - Shutdown initiated...
01-08-2018 15:36:50.958 [main] INFO  com.zaxxer.hikari.HikariDataSource.close - HikariPool-1 - Shutdown completed.
01-08-2018 15:36:50.961 [main] INFO  o.a.catalina.core.StandardService.log - Stopping service [Tomcat]
01-08-2018 15:36:51.148 [main] INFO  o.s.b.a.l.ConditionEvaluationReportLoggingListener.logAutoConfigurationReport - 

Error starting ApplicationContext. To display the conditions report re-run your application with 'debug' enabled.
01-08-2018 15:36:51.503 [main] ERROR o.s.b.d.LoggingFailureAnalysisReporter.report - 

***************************
APPLICATION FAILED TO START
***************************

Description:

Parameter 0 of constructor in com.example.easynotes.teachers.tservice.TeacherServiceImpl required a bean of type 'com.example.easynotes.teachers.repository.TeacherRepository' that could not be found.


Action:

Consider defining a bean of type 'com.example.easynotes.teachers.repository.TeacherRepository' in your configuration.

01-08-2018 15:44:35.989 [main] INFO  c.e.easynotes.EasyNotes1Application.logStarting - Starting EasyNotes1Application on dileep-Laptop with PID 13170 (/home/dileep/practice/Myfirst/target/classes started by dileep in /home/dileep/practice/Myfirst)
01-08-2018 15:44:36.056 [main] INFO  c.e.easynotes.EasyNotes1Application.logStartupProfileInfo - No active profile set, falling back to default profiles: default
01-08-2018 15:44:36.816 [main] INFO  o.s.b.w.s.c.AnnotationConfigServletWebServerApplicationContext.prepareRefresh - Refreshing org.springframework.boot.web.servlet.context.AnnotationConfigServletWebServerApplicationContext@51bd8b5c: startup date [Wed Aug 01 15:44:36 IST 2018]; root of context hierarchy
01-08-2018 15:44:44.792 [main] INFO  o.s.c.s.PostProcessorRegistrationDelegate$BeanPostProcessorChecker.postProcessAfterInitialization - Bean 'org.springframework.transaction.annotation.ProxyTransactionManagementConfiguration' of type [org.springframework.transaction.annotation.ProxyTransactionManagementConfiguration$$EnhancerBySpringCGLIB$$6fedb0ca] is not eligible for getting processed by all BeanPostProcessors (for example: not eligible for auto-proxying)
01-08-2018 15:44:46.046 [main] INFO  o.s.b.w.e.tomcat.TomcatWebServer.initialize - Tomcat initialized with port(s): 8080 (http)
01-08-2018 15:44:46.165 [main] INFO  o.a.catalina.core.StandardService.log - Starting service [Tomcat]
01-08-2018 15:44:46.165 [main] INFO  o.a.catalina.core.StandardEngine.log - Starting Servlet Engine: Apache Tomcat/8.5.31
01-08-2018 15:44:46.208 [localhost-startStop-1] INFO  o.a.c.core.AprLifecycleListener.log - The APR based Apache Tomcat Native library which allows optimal performance in production environments was not found on the java.library.path: [/usr/java/packages/lib/amd64:/usr/lib/x86_64-linux-gnu/jni:/lib/x86_64-linux-gnu:/usr/lib/x86_64-linux-gnu:/usr/lib/jni:/lib:/usr/lib]
01-08-2018 15:44:48.067 [localhost-startStop-1] INFO  o.a.c.c.C.[Tomcat].[localhost].[/].log - Initializing Spring embedded WebApplicationContext
01-08-2018 15:44:48.067 [localhost-startStop-1] INFO  o.s.web.context.ContextLoader.prepareWebApplicationContext - Root WebApplicationContext: initialization completed in 11251 ms
01-08-2018 15:44:48.373 [localhost-startStop-1] INFO  o.s.b.w.s.ServletRegistrationBean.addRegistration - Servlet dispatcherServlet mapped to [/]
01-08-2018 15:44:48.378 [localhost-startStop-1] INFO  o.s.b.w.s.FilterRegistrationBean.configure - Mapping filter: 'characterEncodingFilter' to: [/*]
01-08-2018 15:44:48.379 [localhost-startStop-1] INFO  o.s.b.w.s.FilterRegistrationBean.configure - Mapping filter: 'hiddenHttpMethodFilter' to: [/*]
01-08-2018 15:44:48.380 [localhost-startStop-1] INFO  o.s.b.w.s.FilterRegistrationBean.configure - Mapping filter: 'httpPutFormContentFilter' to: [/*]
01-08-2018 15:44:48.380 [localhost-startStop-1] INFO  o.s.b.w.s.FilterRegistrationBean.configure - Mapping filter: 'requestContextFilter' to: [/*]
01-08-2018 15:44:49.650 [main] INFO  com.zaxxer.hikari.HikariDataSource.getConnection - HikariPool-1 - Starting...
01-08-2018 15:44:52.772 [main] INFO  com.zaxxer.hikari.HikariDataSource.getConnection - HikariPool-1 - Start completed.
01-08-2018 15:44:54.010 [main] INFO  o.s.o.j.LocalContainerEntityManagerFactoryBean.createNativeEntityManagerFactory - Building JPA container EntityManagerFactory for persistence unit 'default'
01-08-2018 15:44:54.563 [main] INFO  o.h.jpa.internal.util.LogHelper.logPersistenceUnitInformation - HHH000204: Processing PersistenceUnitInfo [
	name: default
	...]
01-08-2018 15:44:55.473 [main] INFO  org.hibernate.Version.logVersion - HHH000412: Hibernate Core {5.2.17.Final}
01-08-2018 15:44:55.486 [main] INFO  org.hibernate.cfg.Environment.<clinit> - HHH000206: hibernate.properties not found
01-08-2018 15:44:55.715 [main] INFO  o.h.annotations.common.Version.<clinit> - HCANN000001: Hibernate Commons Annotations {5.0.1.Final}
01-08-2018 15:44:56.642 [main] INFO  org.hibernate.dialect.Dialect.<init> - HHH000400: Using dialect: org.hibernate.dialect.MySQL5Dialect
01-08-2018 15:44:58.885 [main] INFO  o.s.o.j.LocalContainerEntityManagerFactoryBean.buildNativeEntityManagerFactory - Initialized JPA EntityManagerFactory for persistence unit 'default'
01-08-2018 15:45:07.687 [main] WARN  o.s.b.w.s.c.AnnotationConfigServletWebServerApplicationContext.refresh - Exception encountered during context initialization - cancelling refresh attempt: org.springframework.beans.factory.UnsatisfiedDependencyException: Error creating bean with name 'teacherController' defined in file [/home/dileep/practice/Myfirst/target/classes/com/example/easynotes/teachers/controller/TeacherController.class]: Unsatisfied dependency expressed through constructor parameter 0; nested exception is org.springframework.beans.factory.UnsatisfiedDependencyException: Error creating bean with name 'TeacherService' defined in file [/home/dileep/practice/Myfirst/target/classes/com/example/easynotes/teachers/tservice/TeacherServiceImpl.class]: Unsatisfied dependency expressed through constructor parameter 0; nested exception is org.springframework.beans.factory.NoSuchBeanDefinitionException: No qualifying bean of type 'com.example.easynotes.teachers.repository.TeacherRepository' available: expected at least 1 bean which qualifies as autowire candidate. Dependency annotations: {}
01-08-2018 15:45:07.701 [main] INFO  o.s.o.j.LocalContainerEntityManagerFactoryBean.destroy - Closing JPA EntityManagerFactory for persistence unit 'default'
01-08-2018 15:45:07.703 [main] INFO  com.zaxxer.hikari.HikariDataSource.close - HikariPool-1 - Shutdown initiated...
01-08-2018 15:45:08.160 [main] INFO  com.zaxxer.hikari.HikariDataSource.close - HikariPool-1 - Shutdown completed.
01-08-2018 15:45:08.209 [main] INFO  o.a.catalina.core.StandardService.log - Stopping service [Tomcat]
01-08-2018 15:45:09.383 [main] INFO  o.s.b.a.l.ConditionEvaluationReportLoggingListener.logAutoConfigurationReport - 

Error starting ApplicationContext. To display the conditions report re-run your application with 'debug' enabled.
01-08-2018 15:45:10.104 [main] ERROR o.s.b.d.LoggingFailureAnalysisReporter.report - 

***************************
APPLICATION FAILED TO START
***************************

Description:

Parameter 0 of constructor in com.example.easynotes.teachers.tservice.TeacherServiceImpl required a bean of type 'com.example.easynotes.teachers.repository.TeacherRepository' that could not be found.


Action:

Consider defining a bean of type 'com.example.easynotes.teachers.repository.TeacherRepository' in your configuration.

01-08-2018 15:53:16.654 [main] INFO  c.e.easynotes.EasyNotes1Application.logStarting - Starting EasyNotes1Application on dileep-Laptop with PID 13598 (/home/dileep/practice/Myfirst/target/classes started by dileep in /home/dileep/practice/Myfirst)
01-08-2018 15:53:16.718 [main] INFO  c.e.easynotes.EasyNotes1Application.logStartupProfileInfo - No active profile set, falling back to default profiles: default
01-08-2018 15:53:16.888 [main] INFO  o.s.b.w.s.c.AnnotationConfigServletWebServerApplicationContext.prepareRefresh - Refreshing org.springframework.boot.web.servlet.context.AnnotationConfigServletWebServerApplicationContext@2ea227af: startup date [Wed Aug 01 15:53:16 IST 2018]; root of context hierarchy
01-08-2018 15:53:20.459 [main] INFO  o.s.c.s.PostProcessorRegistrationDelegate$BeanPostProcessorChecker.postProcessAfterInitialization - Bean 'org.springframework.transaction.annotation.ProxyTransactionManagementConfiguration' of type [org.springframework.transaction.annotation.ProxyTransactionManagementConfiguration$$EnhancerBySpringCGLIB$$c965fe29] is not eligible for getting processed by all BeanPostProcessors (for example: not eligible for auto-proxying)
01-08-2018 15:53:21.490 [main] INFO  o.s.b.w.e.tomcat.TomcatWebServer.initialize - Tomcat initialized with port(s): 8080 (http)
01-08-2018 15:53:21.554 [main] INFO  o.a.catalina.core.StandardService.log - Starting service [Tomcat]
01-08-2018 15:53:21.555 [main] INFO  o.a.catalina.core.StandardEngine.log - Starting Servlet Engine: Apache Tomcat/8.5.31
01-08-2018 15:53:21.618 [localhost-startStop-1] INFO  o.a.c.core.AprLifecycleListener.log - The APR based Apache Tomcat Native library which allows optimal performance in production environments was not found on the java.library.path: [/usr/java/packages/lib/amd64:/usr/lib/x86_64-linux-gnu/jni:/lib/x86_64-linux-gnu:/usr/lib/x86_64-linux-gnu:/usr/lib/jni:/lib:/usr/lib]
01-08-2018 15:53:22.259 [localhost-startStop-1] INFO  o.a.c.c.C.[Tomcat].[localhost].[/].log - Initializing Spring embedded WebApplicationContext
01-08-2018 15:53:22.259 [localhost-startStop-1] INFO  o.s.web.context.ContextLoader.prepareWebApplicationContext - Root WebApplicationContext: initialization completed in 5371 ms
01-08-2018 15:53:22.588 [localhost-startStop-1] INFO  o.s.b.w.s.ServletRegistrationBean.addRegistration - Servlet dispatcherServlet mapped to [/]
01-08-2018 15:53:22.593 [localhost-startStop-1] INFO  o.s.b.w.s.FilterRegistrationBean.configure - Mapping filter: 'characterEncodingFilter' to: [/*]
01-08-2018 15:53:22.593 [localhost-startStop-1] INFO  o.s.b.w.s.FilterRegistrationBean.configure - Mapping filter: 'hiddenHttpMethodFilter' to: [/*]
01-08-2018 15:53:22.594 [localhost-startStop-1] INFO  o.s.b.w.s.FilterRegistrationBean.configure - Mapping filter: 'httpPutFormContentFilter' to: [/*]
01-08-2018 15:53:22.594 [localhost-startStop-1] INFO  o.s.b.w.s.FilterRegistrationBean.configure - Mapping filter: 'requestContextFilter' to: [/*]
01-08-2018 15:53:23.465 [main] INFO  com.zaxxer.hikari.HikariDataSource.getConnection - HikariPool-1 - Starting...
01-08-2018 15:53:24.781 [main] INFO  com.zaxxer.hikari.HikariDataSource.getConnection - HikariPool-1 - Start completed.
01-08-2018 15:53:25.167 [main] INFO  o.s.o.j.LocalContainerEntityManagerFactoryBean.createNativeEntityManagerFactory - Building JPA container EntityManagerFactory for persistence unit 'default'
01-08-2018 15:53:25.991 [main] INFO  o.h.jpa.internal.util.LogHelper.logPersistenceUnitInformation - HHH000204: Processing PersistenceUnitInfo [
	name: default
	...]
01-08-2018 15:53:27.649 [main] INFO  org.hibernate.Version.logVersion - HHH000412: Hibernate Core {5.2.17.Final}
01-08-2018 15:53:27.662 [main] INFO  org.hibernate.cfg.Environment.<clinit> - HHH000206: hibernate.properties not found
01-08-2018 15:53:27.888 [main] INFO  o.h.annotations.common.Version.<clinit> - HCANN000001: Hibernate Commons Annotations {5.0.1.Final}
01-08-2018 15:53:28.268 [main] INFO  org.hibernate.dialect.Dialect.<init> - HHH000400: Using dialect: org.hibernate.dialect.MySQL5Dialect
01-08-2018 15:53:29.427 [main] INFO  o.s.o.j.LocalContainerEntityManagerFactoryBean.buildNativeEntityManagerFactory - Initialized JPA EntityManagerFactory for persistence unit 'default'
01-08-2018 15:53:30.294 [main] WARN  o.s.b.w.s.c.AnnotationConfigServletWebServerApplicationContext.refresh - Exception encountered during context initialization - cancelling refresh attempt: org.springframework.beans.factory.UnsatisfiedDependencyException: Error creating bean with name 'teacherController' defined in file [/home/dileep/practice/Myfirst/target/classes/com/example/easynotes/teachers/controller/TeacherController.class]: Unsatisfied dependency expressed through constructor parameter 0; nested exception is org.springframework.beans.factory.UnsatisfiedDependencyException: Error creating bean with name 'TeacherService' defined in file [/home/dileep/practice/Myfirst/target/classes/com/example/easynotes/teachers/tservice/TeacherServiceImpl.class]: Unsatisfied dependency expressed through constructor parameter 0; nested exception is org.springframework.beans.factory.NoSuchBeanDefinitionException: No qualifying bean of type 'com.example.easynotes.teachers.repository.TeacherRepository' available: expected at least 1 bean which qualifies as autowire candidate. Dependency annotations: {}
01-08-2018 15:53:30.295 [main] INFO  o.s.o.j.LocalContainerEntityManagerFactoryBean.destroy - Closing JPA EntityManagerFactory for persistence unit 'default'
01-08-2018 15:53:30.297 [main] INFO  com.zaxxer.hikari.HikariDataSource.close - HikariPool-1 - Shutdown initiated...
01-08-2018 15:53:30.322 [main] INFO  com.zaxxer.hikari.HikariDataSource.close - HikariPool-1 - Shutdown completed.
01-08-2018 15:53:30.326 [main] INFO  o.a.catalina.core.StandardService.log - Stopping service [Tomcat]
01-08-2018 15:53:30.571 [main] INFO  o.s.b.a.l.ConditionEvaluationReportLoggingListener.logAutoConfigurationReport - 

Error starting ApplicationContext. To display the conditions report re-run your application with 'debug' enabled.
01-08-2018 15:53:30.814 [main] ERROR o.s.b.d.LoggingFailureAnalysisReporter.report - 

***************************
APPLICATION FAILED TO START
***************************

Description:

Parameter 0 of constructor in com.example.easynotes.teachers.tservice.TeacherServiceImpl required a bean of type 'com.example.easynotes.teachers.repository.TeacherRepository' that could not be found.


Action:

Consider defining a bean of type 'com.example.easynotes.teachers.repository.TeacherRepository' in your configuration.

01-08-2018 15:56:57.607 [main] INFO  c.e.easynotes.EasyNotes1Application.logStarting - Starting EasyNotes1Application on dileep-Laptop with PID 13721 (/home/dileep/practice/Myfirst/target/classes started by dileep in /home/dileep/practice/Myfirst)
01-08-2018 15:56:57.639 [main] INFO  c.e.easynotes.EasyNotes1Application.logStartupProfileInfo - No active profile set, falling back to default profiles: default
01-08-2018 15:56:58.124 [main] INFO  o.s.b.w.s.c.AnnotationConfigServletWebServerApplicationContext.prepareRefresh - Refreshing org.springframework.boot.web.servlet.context.AnnotationConfigServletWebServerApplicationContext@4386f16: startup date [Wed Aug 01 15:56:58 IST 2018]; root of context hierarchy
01-08-2018 15:57:04.525 [main] INFO  o.s.c.s.PostProcessorRegistrationDelegate$BeanPostProcessorChecker.postProcessAfterInitialization - Bean 'org.springframework.transaction.annotation.ProxyTransactionManagementConfiguration' of type [org.springframework.transaction.annotation.ProxyTransactionManagementConfiguration$$EnhancerBySpringCGLIB$$33b24cd7] is not eligible for getting processed by all BeanPostProcessors (for example: not eligible for auto-proxying)
01-08-2018 15:57:05.447 [main] INFO  o.s.b.w.e.tomcat.TomcatWebServer.initialize - Tomcat initialized with port(s): 8080 (http)
01-08-2018 15:57:05.541 [main] INFO  o.a.catalina.core.StandardService.log - Starting service [Tomcat]
01-08-2018 15:57:05.542 [main] INFO  o.a.catalina.core.StandardEngine.log - Starting Servlet Engine: Apache Tomcat/8.5.31
01-08-2018 15:57:05.573 [localhost-startStop-1] INFO  o.a.c.core.AprLifecycleListener.log - The APR based Apache Tomcat Native library which allows optimal performance in production environments was not found on the java.library.path: [/usr/java/packages/lib/amd64:/usr/lib/x86_64-linux-gnu/jni:/lib/x86_64-linux-gnu:/usr/lib/x86_64-linux-gnu:/usr/lib/jni:/lib:/usr/lib]
01-08-2018 15:57:05.772 [localhost-startStop-1] INFO  o.a.c.c.C.[Tomcat].[localhost].[/].log - Initializing Spring embedded WebApplicationContext
01-08-2018 15:57:05.773 [localhost-startStop-1] INFO  o.s.web.context.ContextLoader.prepareWebApplicationContext - Root WebApplicationContext: initialization completed in 7649 ms
01-08-2018 15:57:06.021 [localhost-startStop-1] INFO  o.s.b.w.s.ServletRegistrationBean.addRegistration - Servlet dispatcherServlet mapped to [/]
01-08-2018 15:57:06.025 [localhost-startStop-1] INFO  o.s.b.w.s.FilterRegistrationBean.configure - Mapping filter: 'characterEncodingFilter' to: [/*]
01-08-2018 15:57:06.026 [localhost-startStop-1] INFO  o.s.b.w.s.FilterRegistrationBean.configure - Mapping filter: 'hiddenHttpMethodFilter' to: [/*]
01-08-2018 15:57:06.027 [localhost-startStop-1] INFO  o.s.b.w.s.FilterRegistrationBean.configure - Mapping filter: 'httpPutFormContentFilter' to: [/*]
01-08-2018 15:57:06.027 [localhost-startStop-1] INFO  o.s.b.w.s.FilterRegistrationBean.configure - Mapping filter: 'requestContextFilter' to: [/*]
01-08-2018 15:57:06.634 [main] INFO  com.zaxxer.hikari.HikariDataSource.getConnection - HikariPool-1 - Starting...
01-08-2018 15:57:07.522 [main] INFO  com.zaxxer.hikari.HikariDataSource.getConnection - HikariPool-1 - Start completed.
01-08-2018 15:57:07.793 [main] INFO  o.s.o.j.LocalContainerEntityManagerFactoryBean.createNativeEntityManagerFactory - Building JPA container EntityManagerFactory for persistence unit 'default'
01-08-2018 15:57:08.191 [main] INFO  o.h.jpa.internal.util.LogHelper.logPersistenceUnitInformation - HHH000204: Processing PersistenceUnitInfo [
	name: default
	...]
01-08-2018 15:57:08.790 [main] INFO  org.hibernate.Version.logVersion - HHH000412: Hibernate Core {5.2.17.Final}
01-08-2018 15:57:08.803 [main] INFO  org.hibernate.cfg.Environment.<clinit> - HHH000206: hibernate.properties not found
01-08-2018 15:57:09.068 [main] INFO  o.h.annotations.common.Version.<clinit> - HCANN000001: Hibernate Commons Annotations {5.0.1.Final}
01-08-2018 15:57:09.399 [main] INFO  org.hibernate.dialect.Dialect.<init> - HHH000400: Using dialect: org.hibernate.dialect.MySQL5Dialect
01-08-2018 15:57:11.333 [main] INFO  o.s.o.j.LocalContainerEntityManagerFactoryBean.buildNativeEntityManagerFactory - Initialized JPA EntityManagerFactory for persistence unit 'default'
01-08-2018 15:57:12.333 [main] WARN  o.s.b.w.s.c.AnnotationConfigServletWebServerApplicationContext.refresh - Exception encountered during context initialization - cancelling refresh attempt: org.springframework.beans.factory.UnsatisfiedDependencyException: Error creating bean with name 'teacherController' defined in file [/home/dileep/practice/Myfirst/target/classes/com/example/easynotes/teachers/controller/TeacherController.class]: Unsatisfied dependency expressed through constructor parameter 0; nested exception is org.springframework.beans.factory.UnsatisfiedDependencyException: Error creating bean with name 'TeacherService' defined in file [/home/dileep/practice/Myfirst/target/classes/com/example/easynotes/teachers/tservice/TeacherServiceImpl.class]: Unsatisfied dependency expressed through constructor parameter 0; nested exception is org.springframework.beans.factory.NoSuchBeanDefinitionException: No qualifying bean of type 'com.example.easynotes.teachers.repository.TeacherRepository' available: expected at least 1 bean which qualifies as autowire candidate. Dependency annotations: {}
01-08-2018 15:57:12.334 [main] INFO  o.s.o.j.LocalContainerEntityManagerFactoryBean.destroy - Closing JPA EntityManagerFactory for persistence unit 'default'
01-08-2018 15:57:12.336 [main] INFO  com.zaxxer.hikari.HikariDataSource.close - HikariPool-1 - Shutdown initiated...
01-08-2018 15:57:12.345 [main] INFO  com.zaxxer.hikari.HikariDataSource.close - HikariPool-1 - Shutdown completed.
01-08-2018 15:57:12.349 [main] INFO  o.a.catalina.core.StandardService.log - Stopping service [Tomcat]
01-08-2018 15:57:12.731 [main] INFO  o.s.b.a.l.ConditionEvaluationReportLoggingListener.logAutoConfigurationReport - 

Error starting ApplicationContext. To display the conditions report re-run your application with 'debug' enabled.
01-08-2018 15:57:12.940 [main] ERROR o.s.b.d.LoggingFailureAnalysisReporter.report - 

***************************
APPLICATION FAILED TO START
***************************

Description:

Parameter 0 of constructor in com.example.easynotes.teachers.tservice.TeacherServiceImpl required a bean of type 'com.example.easynotes.teachers.repository.TeacherRepository' that could not be found.


Action:

Consider defining a bean of type 'com.example.easynotes.teachers.repository.TeacherRepository' in your configuration.

